<?xml version="1.0" encoding="UTF-8"?>
<testsuite xmlns:xsi="http://www.w3.org/2001/XMLSchema-instance" xsi:noNamespaceSchemaLocation="https://maven.apache.org/surefire/maven-surefire-plugin/xsd/surefire-test-report-3.0.xsd" version="3.0" name="com.khushidemo.customproject.CustomprojectApplicationTests" time="4.146" tests="1" errors="0" skipped="0" failures="0">
  <properties>
[...]
</properties>
  <testcase name="contextLoads" classname="com.khushidemo.customproject.CustomprojectApplicationTests" time="1.086">
    <system-out><![CDATA[14:59:38.764 [main] INFO org.springframework.test.context.support.AnnotationConfigContextLoaderUtils -- Could not detect default configuration classes for test class [com.khushidemo.customproject.CustomprojectApplicationTests]: CustomprojectApplicationTests does not declare any static, non-private, non-final, nested classes annotated with @Configuration.
14:59:38.926 [main] INFO org.springframework.boot.test.context.SpringBootTestContextBootstrapper -- Found @SpringBootConfiguration com.khushidemo.customproject.CustomprojectApplication for test class com.khushidemo.customproject.CustomprojectApplicationTests

  .   ____          _            __ _ _
 /\\ / ___'_ __ _ _(_)_ __  __ _ \ \ \ \
( ( )\___ | '_ | '_| | '_ \/ _` | \ \ \ \
 \\/  ___)| |_)| | | | | || (_| |  ) ) ) )
  '  |____| .__|_| |_|_| |_\__, | / / / /
 =========|_|==============|___/=/_/_/_/

 :: Spring Boot ::                (v3.3.2)

2024-08-07T14:59:39.522+05:30  INFO 10696 --- [customproject] [           main] c.k.c.CustomprojectApplicationTests      : Starting CustomprojectApplicationTests using Java 18.0.1.1 with PID 10696 (started by Lenovo in D:\Shipturtle\customproject\customproject)
2024-08-07T14:59:39.525+05:30  INFO 10696 --- [customproject] [           main] c.k.c.CustomprojectApplicationTests      : No active profile set, falling back to 1 default profile: "default"
2024-08-07T14:59:41.531+05:30  INFO 10696 --- [customproject] [           main] c.k.c.CustomprojectApplicationTests      : Started CustomprojectApplicationTests in 2.376 seconds (process running for 3.907)
]]></system-out>
  </testcase>
</testsuite>